     1                                  extern printf
     2                                  extern fscanf
     3                                  
     4                                  extern TREE
     5                                  extern BUSH
     6                                  extern FLOWER
     7                                  
     8                                  ;----------------------------------------------
     9                                  ; // Ввод параметров дерева из файла
    10                                  global InTree
    11                                  InTree:
    12                                  section .data
    13 00000000 2573256400                  .infmt  db     "%s%d",0
    14                                  section .bss
    15 00000000 <res 00000008>              .FILE   resq    1   ; Временное хранение указателя на файл
    16 00000008 <res 00000008>              .ptree  resq    1   ; Адрес дерева
    17                                  section .text
    18 00000000 55                      push    rbp
    19 00000001 4889E5                  mov     rbp, rsp
    20                                  
    21                                      ; Сохранение принятых аргументов
    22 00000004 48893C25[08000000]          mov     [.ptree], rdi     
    23 0000000C 48893425[00000000]          mov     [.FILE], rsi
    24                                  
    25                                      ; Ввод куста из файла
    26 00000014 488B3C25[00000000]          mov     rdi, [.FILE]
    27 0000001C 48BE-                       mov     rsi, .infmt         
    27 0000001E [0000000000000000] 
    28 00000026 488B1425[08000000]          mov     rdx, [.ptree]       
    29 0000002E 488B0C25[08000000]          mov     rcx, [.ptree]
    30 00000036 4883C115                    add     rcx, 21    
    31 0000003A B800000000                  mov     rax, 0        
    32 0000003F E8(00000000)                call    fscanf
    33                                  
    34 00000044 C9                      leave
    35 00000045 C3                      ret
    36                                  
    37                                  ; // Ввод параметров куста из файла
    38                                  global InBush
    39                                  InBush:
    40                                  section .data
    41 00000005 2573256400                  .infmt  db     "%s%d",0
    42                                  section .bss
    43 00000010 <res 00000008>              .FILE   resq    1    ; Временное хранение указателя на файл
    44 00000018 <res 00000008>              .bush   resq    1   ; Адрес куста
    45                                  section .text
    46 00000046 55                      push    rbp
    47 00000047 4889E5                  mov     rbp, rsp
    48                                  
    49                                      ; Сохранение принятых аргументов
    50 0000004A 48893C25[18000000]          mov     [.bush], rdi
    51 00000052 48893425[10000000]          mov     [.FILE], rsi
    52                                  
    53                                      ; Ввод куста из файла
    54 0000005A 488B3C25[10000000]          mov     rdi, [.FILE]
    55 00000062 48BE-                       mov     rsi, .infmt
    55 00000064 [0500000000000000] 
    56 0000006C 488B1425[18000000]          mov     rdx, [.bush]
    57 00000074 488B0C25[18000000]          mov     rcx, [.bush]
    58 0000007C 4883C115                    add     rcx, 21 
    59 00000080 B800000000                  mov     rax, 0
    60 00000085 E8(00000000)                call    fscanf
    61                                  
    62 0000008A C9                      leave
    63 0000008B C3                      ret
    64                                  
    65                                  ; // Ввод параметров цветка из файла
    66                                  global InFlower
    67                                  InFlower:
    68                                  section .data
    69 0000000A 2573256400                  .infmt  db     "%s%d",0
    70                                  section .bss
    71 00000020 <res 00000008>              .FILE    resq    1   ; Временное хранение указателя на файл
    72 00000028 <res 00000008>              .flower  resq    1   ; Адрес цветка
    73                                  section .text
    74 0000008C 55                      push    rbp
    75 0000008D 4889E5                  mov     rbp, rsp
    76                                  
    77                                      ; Сохранение принятых аргументов
    78 00000090 48893C25[28000000]          mov     [.flower], rdi
    79 00000098 48893425[20000000]          mov     [.FILE], rsi
    80                                  
    81                                      ; Ввод цветка из файла
    82 000000A0 488B3C25[20000000]          mov     rdi, [.FILE]
    83 000000A8 48BE-                       mov     rsi, .infmt
    83 000000AA [0A00000000000000] 
    84 000000B2 488B1425[28000000]          mov     rdx, [.flower]
    85 000000BA 488B0C25[28000000]          mov     rcx, [.flower]
    86 000000C2 4883C115                    add     rcx, 21 
    87 000000C6 B800000000                  mov     rax, 0
    88 000000CB E8(00000000)                call    fscanf
    89                                  
    90 000000D0 C9                      leave
    91 000000D1 C3                      ret
    92                                  
    93                                  ; // Ввод параметров обобщенного растения из файла
    94                                  global InPlant
    95                                  InPlant:
    96                                  section .data
    97 0000000F 256400                      .tagFormat   db     "%d",0
    98 00000012 5461672069733A2025-         .tagOutFmt   db     "Tag is: %d",10,0
    98 0000001B 640A00             
    99                                  section .bss
   100 00000030 <res 00000008>              .FILE       resq    1   ; Временное хранение указателя на файл
   101 00000038 <res 00000008>              .pplant     resq    1   ; Адрес растения
   102 00000040 <res 00000004>              .plantTag   resd    1   ; Признак растения
   103                                  section .text
   104 000000D2 55                      push    rbp
   105 000000D3 4889E5                  mov     rbp, rsp
   106                                  
   107                                      ; Сохранение принятых аргументов
   108 000000D6 48893C25[38000000]          mov     [.pplant], rdi         
   109 000000DE 48893425[30000000]          mov     [.FILE], rsi
   110                                  
   111                                      ; Чтение признака куста и его обработка
   112 000000E6 488B3C25[30000000]          mov     rdi, [.FILE]
   113 000000EE 48BE-                       mov     rsi, .tagFormat
   113 000000F0 [0F00000000000000] 
   114 000000F8 488B1425[38000000]          mov     rdx, [.pplant]
   115 00000100 4831C0                      xor     rax, rax
   116 00000103 E8(00000000)                call    fscanf
   117                                  
   118 00000108 488B0C25[38000000]          mov     rcx, [.pplant]
   119 00000110 8B01                        mov     eax, [rcx]
   120 00000112 3B0425[00000000]            cmp     eax, [TREE]
   121 00000119 7416                        je      .treeIn
   122 0000011B 3B0425[00000000]            cmp     eax, [BUSH]
   123 00000122 742D                        je      .bushIn
   124 00000124 3B0425[00000000]            cmp     eax, [FLOWER]
   125 0000012B 7444                        je      .flowerIn
   126 0000012D 31C0                        xor     eax, eax    ; Некорректный признак - обнуление кода возврата
   127 0000012F EB5E                        jmp     .return
   128                                  .treeIn:
   129                                      ; Ввод дерева
   130 00000131 488B3C25[38000000]          mov     rdi, [.pplant]
   131 00000139 4883C704                    add     rdi, 4
   132 0000013D 488B3425[30000000]          mov     rsi, [.FILE]
   133 00000145 E8B6FEFFFF                  call    InTree
   134 0000014A B801000000                  mov     rax, 1      ; Код возврата - true
   135 0000014F EB3E                        jmp     .return
   136                                  .bushIn:
   137                                      ; Ввод куста
   138 00000151 488B3C25[38000000]          mov     rdi, [.pplant]
   139 00000159 4883C704                    add     rdi, 4
   140 0000015D 488B3425[30000000]          mov     rsi, [.FILE]
   141 00000165 E8DCFEFFFF                  call    InBush
   142 0000016A B801000000                  mov     rax, 1      ; Код возврата - true
   143 0000016F EB1E                        jmp     .return
   144                                  .flowerIn:
   145                                      ; Ввод цветка
   146 00000171 488B3C25[38000000]          mov     rdi, [.pplant]
   147 00000179 4883C704                    add     rdi, 4
   148 0000017D 488B3425[30000000]          mov     rsi, [.FILE]
   149 00000185 E802FFFFFF                  call    InFlower
   150 0000018A B801000000                  mov     rax, 1      ; Код возврата - true
   151                                  .return:
   152                                  
   153 0000018F C9                      leave
   154 00000190 C3                      ret
   155                                  
   156                                  ; // Ввод содержимого контейнера из указанного файла
   157                                  global InContainer
   158                                  InContainer:
   159                                  section .bss
   160 00000044 <res 00000008>              .pcont  resq    1   ; Адрес контейнера
   161 0000004C <res 00000008>              .plen   resq    1   ; Адрес для сохранения числа введенных элементов
   162 00000054 <res 00000008>              .FILE   resq    1   ; Указатель на файл
   163                                  section .text
   164 00000191 55                      push    rbp
   165 00000192 4889E5                  mov     rbp, rsp
   166                                  
   167 00000195 48893C25[44000000]          mov     [.pcont], rdi
   168 0000019D 48893425[4C000000]          mov     [.plen], rsi
   169 000001A5 48891425[54000000]          mov     [.FILE], rdx
   170 000001AD 4831DB                      xor     rbx, rbx        ; Число растений = 0
   171 000001B0 4889D6                      mov     rsi, rdx        ; Перенос указателя на файл
   172                                  .loop:
   173 000001B3 57                          push    rdi
   174 000001B4 53                          push    rbx
   175                                  
   176 000001B5 488B3425[54000000]          mov     rsi, [.FILE]
   177 000001BD B800000000                  mov     rax, 0 
   178 000001C2 E80BFFFFFF                  call    InPlant         ; Ввод растения
   179 000001C7 4883F800                    cmp     rax, 0          ; Проверка успешности ввода
   180 000001CB 7E0B                        jle     .return         ; Выход, если признак меньше или равен 0
   181                                  
   182 000001CD 5B                          pop     rbx
   183 000001CE 48FFC3                      inc     rbx
   184                                  
   185 000001D1 5F                          pop     rdi
   186 000001D2 4883C71D                    add     rdi, 29         ; Адрес следующего растения
   187                                  
   188 000001D6 EBDB                        jmp     .loop
   189                                  .return:
   190 000001D8 488B0425[4C000000]          mov     rax, [.plen]    ; Перенос указателя на длину
   191 000001E0 8918                        mov     [rax], ebx
   192 000001E2 C9                      leave
   193 000001E3 C3                      ret
   194                                  
